FLIGHT: LH0099
SESSION: 61d7f54d-1ea2-4e7f-a3cc-40beee5ac266
STARTED: 2025-10-20T01:19:54.853Z
---
[2025-10-20T01:19:54.853Z] ASSISTANT: Lufthansa Group Inspirational AI flight assistant. Nice to meet you!
[2025-10-20T01:19:58.237Z] USER: Hi
[2025-10-20T01:20:00.870Z] ASSISTANT: Hello! I am Mira, your Lufthansa Group digital travel companion. Let us imagine together what kind of journey would truly feel right for you. What kind of memories do you hope to create on your trip?
[2025-10-20T01:20:11.900Z] USER: Scuba diving in march
[2025-10-20T01:20:14.450Z] ASSISTANT: That sounds exciting! To help you plan your scuba diving adventure, could you please share the destination and the specific dates you have in mind for your trip in March?
[2025-10-20T01:20:23.387Z] USER: inspire me
[2025-10-20T01:20:25.920Z] ASSISTANT: I'd love to inspire you for your scuba diving adventure! To tailor my suggestions, could you please share the destination and the specific dates you have in mind for your trip in March?
[2025-10-20T01:21:01.051Z] USER: First week in the march. Place where I can do scuba diving.
[2025-10-20T01:21:05.479Z] ASSISTANT: Here are some destination ideas that fit your theme of scuba diving in the first week of March:
                           1) **Hurghada, Egypt (HRG)** – average high temperature is 26°C, water temperature is 22°C, and diving is available.
                           2) **Marsa Alam, Egypt (RMF)** – average high temperature is 26°C, water temperature is 22°C, and diving is available.
                           3) **Sharm El Sheikh, Egypt (SSH)** – average high temperature is 25°C, water temperature is 22°C, and diving is available.
                           These destinations offer warm weather and excellent diving opportunities.
[2025-10-20T01:21:12.655Z] USER: Format your response
[2025-10-20T01:21:16.201Z] ASSISTANT: Here are some destination ideas that fit your theme of scuba diving in the first week of March:
                           1. **Hurghada, Egypt (HRG)** – average high temperature is 26°C, water temperature is 22°C, and diving is available.
                           2. **Marsa Alam, Egypt (RMF)** – average high temperature is 26°C, water temperature is 22°C, and diving is available.
                           3. **Sharm El Sheikh, Egypt (SSH)** – average high temperature is 25°C, water temperature is 22°C, and diving is available.
                           These destinations offer warm weather and excellent diving opportunities.
[2025-10-20T01:21:24.524Z] USER: Option 2
[2025-10-20T01:21:27.074Z] ASSISTANT: Marsa Alam sounds wonderful! To help you plan your trip, could you please share the exact dates for your scuba diving adventure in the first week of March?
[2025-10-20T01:21:51.653Z] USER: First week in march, two week vacation
[2025-10-20T01:21:58.077Z] ASSISTANT: It seems there was a mistake with the return date. Could you please confirm the return date for your trip to Marsa Alam, Egypt, to ensure it is on or after the departure date of March 20, 2025?
[2025-10-20T01:22:17.575Z] USER: Next year, 2026
[2025-10-20T01:22:22.649Z] ASSISTANT: I see there was a bit of confusion with the date 'next year'. To help you plan your trip, could you please provide a specific return date for next year, ensuring it is on or after March 20, 2025?
[2025-10-20T01:22:43.924Z] USER: March 20, 2026
[2025-10-20T01:23:00.583Z] ASSISTANT: I'm sorry, but it seems there are no flights available for your preferred dates and destinations. However, I'm here to help you adjust the dates or consider nearby Lufthansa Group hubs. Could you please let me
                           know if you'd like to change the travel dates or explore alternative destinations?
[2025-10-20T01:23:16.349Z] USER: Alternatives
[2025-10-20T01:23:22.900Z] ASSISTANT: Here are some alternative destination ideas that fit your theme of scuba diving in the first week of March:
                           1. **Hurghada, Egypt (HRG)** – average high temperature is 26°C, water temperature is 22°C, and diving is available.
                           2. **Marsa Alam, Egypt (RMF)** – average high temperature is 26°C, water temperature is 22°C, and diving is available.
                           3. **Sharm El Sheikh, Egypt (SSH)** – average high temperature is 25°C, water temperature is 22°C, and diving is available.
                           These destinations offer warm weather and excellent diving opportunities.
[2025-10-20T01:23:32.816Z] USER: Option 1
[2025-10-20T01:23:36.428Z] ASSISTANT: Hurghada sounds wonderful! To help you plan your trip, could you please share the exact dates for your scuba diving adventure in the first week of March?
[2025-10-20T01:23:58.854Z] USER: Flexible, give me options
[2025-10-20T01:24:33.221Z] ASSISTANT: Here are some flight options for your trip to Hurghada, Egypt (HRG) with flexible dates:
                           1. **Flight 612**: Departing from Zapresic, Croatia (ZAG) on March 1, 2026, arriving in Hurghada, Egypt (HRG) on March 1, 2026. Returning on March 31, 2026. **Price: €157.60. 1 stop.**
                           2. **Flight 613**: Departing from Zapresic, Croatia (ZAG) on March 2, 2026, arriving in Hurghada, Egypt (HRG) on March 2, 2026. Returning on April 1, 2026. **Price: €167.60. 1 stop.**
                           3. **Flight 614**: Departing from Zapresic, Croatia (ZAG) on March 3, 2026, arriving in Hurghada, Egypt (HRG) on March 3, 2026. Returning on April 2, 2026. **Price: €177.60. 1 stop.**
                           4. **Flight 615**: Departing from Zapresic, Croatia (ZAG) on March 4, 2026, arriving in Hurghada, Egypt (HRG) on March 4, 2026. Returning on April 3, 2026. **Price: €187.60. 1 stop.**
                           5. **Flight 616**: Departing from Zapresic, Croatia (ZAG) on March 8, 2026, arriving in Hurghada, Egypt (HRG) on March 8, 2026. Returning on April 7, 2026. **Price: €197.60. 1 stop.**
                           These options offer a range of travel dates and durations for your scuba diving adventure.
[2025-10-20T01:24:44.501Z] USER: format the response
[2025-10-20T01:24:52.212Z] ASSISTANT: Here are some flight options for your trip to Hurghada, Egypt (HRG) with flexible dates:
                           1. **Flight 612**: Departing from Zapresic, Croatia (ZAG) on March 1, 2026, arriving in Hurghada, Egypt (HRG) on March 1, 2026. Returning on March 31, 2026. **Price: €157.60. 1 stop.**
                           2. **Flight 613**: Departing from Zapresic, Croatia (ZAG) on March 2, 2026, arriving in Hurghada, Egypt (HRG) on March 2, 2026. Returning on April 1, 2026. **Price: €167.60. 1 stop.**
                           3. **Flight 614**: Departing from Zapresic, Croatia (ZAG) on March 3, 2026, arriving in Hurghada, Egypt (HRG) on March 3, 2026. Returning on April 2, 2026. **Price: €177.60. 1 stop.**
                           4. **Flight 615**: Departing from Zapresic, Croatia (ZAG) on March 4, 2026, arriving in Hurghada, Egypt (HRG) on March 4, 2026. Returning on April 3, 2026. **Price: €187.60. 1 stop.**
                           5. **Flight 616**: Departing from Zapresic, Croatia (ZAG) on March 8, 2026, arriving in Hurghada, Egypt (HRG) on March 8, 2026. Returning on April 7, 2026. **Price: €197.60. 1 stop.**
                           These options offer a range of travel dates and durations for your scuba diving adventure.
[2025-10-20T01:25:19.974Z] USER: Please format the response with indentations and bullets
[2025-10-20T01:25:28.046Z] ASSISTANT: Here are some flight options for your trip to Hurghada, Egypt (HRG) with flexible dates:
                           * Option 1
                           * **Flight 612**: Departing from Zapresic, Croatia (ZAG) on March 1, 2026, arriving in Hurghada, Egypt (HRG) on March 1, 2026. Returning on March 31, 2026. **Price: €157.60. 1 stop.**
                           * Option 2
                           * **Flight 613**: Departing from Zapresic, Croatia (ZAG) on March 2, 2026, arriving in Hurghada, Egypt (HRG) on March 2, 2026. Returning on April 1, 2026. **Price: €167.60. 1 stop.**
                           * Option 3
                           * **Flight 614**: Departing from Zapresic, Croatia (ZAG) on March 3, 2026, arriving in Hurghada, Egypt (HRG) on March 3, 2026. Returning on April 2, 2026. **Price: €177.60. 1 stop.**
                           * Option 4
                           * **Flight 615**: Departing from Zapresic, Croatia (ZAG) on March 4, 2026, arriving in Hurghada, Egypt (HRG) on March 4, 2026. Returning on April 3, 2026. **Price: €187.60. 1 stop.**
                           * Option 5
                           * **Flight 616**: Departing from Zapresic, Croatia (ZAG) on March 8, 2026, arriving in Hurghada, Egypt (HRG) on March 8, 2026. Returning on April 7, 2026. **Price: €197.60. 1 stop.**
                           These options offer a range of travel dates and durations for your scuba diving adventure.
[2025-10-20T01:25:45.022Z] USER: Option 3
[2025-10-20T01:25:50.005Z] ASSISTANT: You've chosen **Flight 614** for your trip to Hurghada, Egypt (HRG). Here are the details:
                           - **Departure**: Zapresic, Croatia (ZAG) on March 3, 2026
                           - **Arrival**: Hurghada, Egypt (HRG) on March 3, 2026
                           - **Return**: April 2, 2026
                           - **Price**: €177.60
                           - **Duration**: 1 stop
                           This option offers a great balance for your scuba diving adventure.
[2025-10-20T01:26:11.262Z] USER: Pdf download
[2025-10-20T01:26:15.666Z] ASSISTANT: I'm sorry, but I cannot directly provide a PDF download. However, you can easily access and download the itinerary details for **Flight 614** from your Lufthansa Group account or through their official website,
                           where you will find all the necessary information for your trip to Hurghada, Egypt (HRG).
[2025-10-20T01:26:37.393Z] USER: Confirm booking
[2025-10-20T01:26:41.774Z] ASSISTANT: To confirm your booking for **Flight 614** to Hurghada, Egypt (HRG), please visit the Lufthansa Group's official website or use your Lufthansa Group account. There, you will find the option to finalize and
                           confirm your booking. If you need any assistance along the way, feel free to reach out to their customer service.
