FLIGHT: LH2155
SESSION: 53fafd37-dfc4-48b6-972d-285fd5fb800e
STARTED: 2025-10-20T00:54:56.479Z
---
[2025-10-20T00:54:56.479Z] ASSISTANT: Lufthansa Group Inspirational AI flight assistant. Nice to meet you!
[2025-10-20T00:54:59.465Z] USER: Hi
[2025-10-20T00:55:02.264Z] ASSISTANT: Hello, I am Mira, your Lufthansa Group digital travel companion. Let us imagine together what kind of journey would truly feel right for you. What kind of memories do you hope to create?
[2025-10-20T00:55:15.585Z] USER: Skiing in december
[2025-10-20T00:55:18.060Z] ASSISTANT: That sounds wonderful! Could you please tell me where you would like to go skiing in December?
[2025-10-20T00:55:24.960Z] USER: Inspire me
[2025-10-20T00:55:29.666Z] ASSISTANT: Here are some destination ideas that fit your theme for skiing in December: 1) Innsbruck, Austria (INN) – snowRel=0.9 2) Salzburg, Austria (SZG) – snowRel=0.85 3) Geneva, Switzerland (GVA) – snowRel=0.8 4)
                           Grenoble, France (GNB) – snowRel=0.8 5) Chambery, France (CMF) – snowRel=0.8
[2025-10-20T00:56:11.578Z] USER: Please format your response, indentations, bullets
[2025-10-20T00:56:14.860Z] ASSISTANT: Here are some destination ideas that fit your theme for skiing in December:
                           * **Innsbruck, Austria (INN)** – snowRel=0.9
                           * **Salzburg, Austria (SZG)** – snowRel=0.85
                           * **Geneva, Switzerland (GVA)** – snowRel=0.8
                           * **Grenoble, France (GNB)** – snowRel=0.8
                           * **Chambery, France (CMF)** – snowRel=0.8
[2025-10-20T00:56:48.435Z] USER: Innsbruck
[2025-10-20T00:56:51.204Z] ASSISTANT: Innsbruck sounds like a wonderful choice! Could you please tell me when you plan to depart for your skiing trip?
[2025-10-20T00:57:16.405Z] USER: second week of december. Two-week vacation
[2025-10-20T00:57:20.379Z] ASSISTANT: Based on your two-week vacation, I interpret your departure date as 2025-12-20. Could you please confirm this date?
[2025-10-20T00:57:32.246Z] USER: Confirmed
[2025-10-20T00:57:34.862Z] ASSISTANT: Thank you for confirming. Could you please tell me when you plan to return?
[2025-10-20T00:57:54.334Z] USER: Two weeks after the departure
[2025-10-20T00:57:58.504Z] ASSISTANT: Based on your two-week vacation, I interpret your return date as 2025-12-31. Could you please confirm this date?
[2025-10-20T00:58:05.211Z] USER: Confirmed
[2025-10-20T00:58:08.056Z] ASSISTANT: Thank you for confirming. Here is your itinerary:
                           Departure: 2025-12-20 Innsbruck, Austria Return: 2025-12-31 Innsbruck, Austria
                           Could you please confirm this itinerary?
[2025-10-20T00:58:12.922Z] USER: Yes
[2025-10-20T00:58:22.394Z] ASSISTANT: Here are two flight options for your skiing trip to Innsbruck, Austria:
                           1. **Flight 7052**:
                           - Departure: 2025-12-20 from Zapresic, Croatia (ZAG) at 08:15
                           - Arrival: 2025-12-20 at 09:10 in Vienna, Austria (VIE)
                           - THEN, **Flight 105**:
                           - Departure: 2025-12-20 at 13:00 from Vienna, Austria (VIE)
                           - Arrival: 2025-12-20 at 13:55 in Innsbruck, Austria (INN)
                           - Price: €390.09. 1 stop.
                           2. **Flight 604**:
                           - Departure: 2025-12-20 from Zapresic, Croatia (ZAG) at 14:35
                           - Arrival: 2025-12-20 at 15:45 in Vienna, Austria (VIE)
                           - THEN, **Flight 107**:
                           - Departure: 2025-12-20 at 17:15 from Vienna, Austria (VIE)
                           - Arrival: 2025-12-20 at 18:10 in Innsbruck, Austria (INN)
                           - Price: €392.09. 1 stop.
                           Could you please confirm if these options work for you or if you need further assistance?
[2025-10-20T00:58:38.833Z] USER: Flight 7052
[2025-10-20T00:58:41.644Z] ASSISTANT: Thank you for choosing Flight 7052. I hope your skiing trip to Innsbruck brings you peace, comfort, and joy. If you need any further assistance or have any other travel plans, feel free to let me know. Safe
                           travels!
[2025-10-20T01:00:04.514Z] USER: Pdf download
[2025-10-20T01:00:07.934Z] ASSISTANT: I'm sorry, but I cannot directly provide a PDF download due to the constraints of the current environment. However, you can easily find and download your flight details from the Lufthansa Group website or mobile
                           app using your booking reference. If you need any further assistance or have any other travel plans, feel free to let me know. Safe travels!
