FLIGHT: LH5532
SESSION: fac3a059-e41c-4133-bd62-c03059b421a4
STARTED: 2025-10-17T22:57:13.118Z
---
[2025-10-17T22:57:13.118Z] ASSISTANT: Lufthansa Group Inspirational AI flight assistant. Nice to meet you!
[2025-10-17T22:58:55.901Z] USER: Hi
[2025-10-17T22:58:58.781Z] ASSISTANT: Hi there! I am Leo, your Lufthansa Group travel navigator. Tell me—if you could fly anywhere soon, what would feel exciting right now?
[2025-10-17T23:01:23.027Z] USER: I want to go to Zurich next saturday. Stay for seven days. Only me.
[2025-10-17T23:01:25.885Z] ASSISTANT: That sounds wonderful! To confirm, you're planning to travel to Zurich next Saturday for a week. Could you please confirm the exact date in ISO format (YYYY-MM-DD)?
[2025-10-17T23:04:25.999Z] USER: 25th of October, the nearest airport to my location.
[2025-10-17T23:04:31.267Z] ASSISTANT: It seems I need the IATA code for your departure airport to proceed. Could you please provide the IATA code for your nearest airport?
[2025-10-17T23:06:13.497Z] USER: Zagreb
[2025-10-17T23:06:17.798Z] ASSISTANT: It seems there was a mistake with the departure date. Could you please provide a future departure date in the format YYYY-MM-DD?
[2025-10-17T23:07:44.034Z] USER: 2025-12-25
[2025-10-17T23:07:54.364Z] ASSISTANT: Here are the flight options for your trip from Zagreb to Zurich on December 25th:
                           1. Flight KL1968 from Zagreb to Amsterdam, followed by KL1917 from Amsterdam to Zurich. Total duration: 17 hours 10 minutes, 1 stop. Price: €124.08.
                           2. Direct flight OU460 from Zagreb to Zurich. Total duration: 1 hour 20 minutes, 0 stops. Price: €133.34.
                           3. Direct flight OU464 from Zagreb to Zurich. Total duration: 1 hour 20 minutes, 0 stops. Price: €133.34.
                           4. Flight KL1964 from Zagreb to Amsterdam, followed by KL1919 from Amsterdam to Zurich. Total duration: 4 hours 35 minutes, 1 stop. Price: €141.08.
                           5. Flight LH5999 from Zagreb to Munich, followed by LH5750 from Munich to Zurich. Total duration: 3 hours 5 minutes, 1 stop. Price: €177.98.
                           6. Flight LH1727 from Zagreb to Munich, followed by LH5750 from Munich to Zurich. Total duration: 8 hours 5 minutes, 1 stop. Price: €179.98.
                           7. Flight KL1968 from Zagreb to Amsterdam, followed by KL1927 from Amsterdam to Zurich. Total duration: 7 hours 20 minutes, 1 stop. Price: €180.08.
                           8. Flight OS7054 from Zagreb to Vienna, followed by OS131 from Vienna to Zurich. Total duration: 14 hours 35 minutes, 1 stop. Price: €186.20.
                           9. Flight OS604 from Zagreb to Vienna, followed by OS145 from Vienna to Zurich. Total duration: 5 hours 15 minutes, 1 stop. Price: €188.20.
                           10. Flight OU416 from Zagreb to Frankfurt, followed by LH1190 from Frankfurt to Zurich. Total duration: 4 hours 40 minutes, 1 stop. Price: €202.45.
                           Which of these options would you like to proceed with, or would you like to adjust your travel details?
[2025-10-17T23:08:58.421Z] USER: Recomend me the shortest one
[2025-10-17T23:09:02.057Z] ASSISTANT: The shortest flight option is the direct flight OU460 from Zagreb to Zurich with a total duration of 1 hour 20 minutes and a price of €133.34. Would you like to proceed with this option?
[2025-10-17T23:09:12.654Z] USER: Yes
[2025-10-17T23:09:16.311Z] ASSISTANT: Great choice! Your booking for the direct flight OU460 from Zagreb to Zurich on December 25th is confirmed. Enjoy your journey!
