FLIGHT: LH7185
SESSION: 3e904ef2-cb1a-4d44-bcc3-9f8393990964
STARTED: 2025-10-17T23:20:55.178Z
---
[2025-10-17T23:20:55.179Z] ASSISTANT: Lufthansa Group Inspirational AI flight assistant. Nice to meet you!”
[2025-10-17T23:21:03.007Z] USER: Hi
[2025-10-17T23:21:05.900Z] ASSISTANT: Hello and welcome aboard the Lufthansa Group experience. I am Aris, your digital travel orchestrator. Tell me—what kind of journey are you envisioning today?
[2025-10-17T23:21:47.404Z] USER: Business trip to Zurich, next Friday. Need to be back on Monday.
[2025-10-17T23:21:50.134Z] ASSISTANT: Thank you for providing the details. To confirm, you would like to travel to Zurich for a business trip, departing next Friday and returning on Monday. Is this correct?
[2025-10-17T23:22:05.194Z] USER: Yes.
[2025-10-17T23:22:09.276Z] ASSISTANT: It seems there was an error because the departure date is in the past. Could you please provide a valid departure date starting from today?
[2025-10-17T23:22:32.716Z] USER: 24.10.2025
[2025-10-17T23:22:36.700Z] ASSISTANT: It seems there was an error because the return date is before the departure date. Could you please provide a valid return date that is on or after the departure date?
[2025-10-17T23:22:47.404Z] USER: 2025-10-25
[2025-10-17T23:23:01.167Z] ASSISTANT: Here are the flight options for your trip from Munich to Zurich:
[2025-10-17T23:23:25.972Z] USER: Show them to me
[2025-10-17T23:23:33.791Z] ASSISTANT: Here are the flight options for your trip from Munich to Zurich:
[2025-10-17T23:23:56.561Z] USER: Can we change the return date to 2025-10-28
[2025-10-17T23:24:05.943Z] ASSISTANT: Here are the updated flight options for your trip from Munich to Zurich:
[2025-10-17T23:24:29.531Z] USER: Why munich?
[2025-10-17T23:24:33.744Z] ASSISTANT: Could you please confirm if Munich is the correct origin city for your trip? If not, please provide the correct one.
[2025-10-17T23:24:51.042Z] USER: NO. Im in Zapresic, Croatia.
[2025-10-17T23:24:54.901Z] ASSISTANT: No text response.
