FLIGHT: LH7930
SESSION: 20a36943-42f0-457f-9df4-4bfc473728bf
STARTED: 2025-10-20T01:38:35.076Z
---
[2025-10-20T01:38:35.076Z] ASSISTANT: Lufthansa Group Inspirational AI flight assistant. Nice to meet you!
[2025-10-20T01:38:37.946Z] USER: Hi
[2025-10-20T01:38:40.425Z] ASSISTANT: Hello! Welcome to Lufthansa Group. I am Aris, your digital travel orchestrator. Tell me-what kind of journey are you envisioning today?
[2025-10-20T01:39:03.404Z] USER: Some warm place with beach. March 2026.
[2025-10-20T01:39:08.279Z] ASSISTANT: Here are some warm beach destinations for March 2026 that you might enjoy:
                           1. Hurghada, Egypt (HRG) - average high of 26 C, water temperature 22 C
                           2. Marsa Alam, Egypt (RMF) - average high of 26 C, water temperature 22 C
                           3. Sharm El Sheikh, Egypt (SSH) - average high of 25 C, water temperature 22 C
                           4. Victoria Falls, Zimbabwe (VFA) - average high of 31 C
                           5. Kruger Mpumalanga, South Africa (MQP) - average high of 29 C
                           Which of these destinations interests you the most?
[2025-10-20T01:39:22.489Z] USER: Option 4
[2025-10-20T01:39:25.045Z] ASSISTANT: Great choice! To proceed, could you please confirm your departure date for the trip to Victoria Falls, Zimbabwe?
[2025-10-20T01:39:39.122Z] USER: second week in march 2026
[2025-10-20T01:40:34.988Z] ASSISTANT: Here are some flight options to Victoria Falls, Zimbabwe for your trip in March 2026:
[2025-10-20T01:41:27.942Z] USER: I can't see the flight options.
[2025-10-20T01:41:33.258Z] ASSISTANT: Here are some flight options to Victoria Falls, Zimbabwe for your trip in March 2026:
[2025-10-20T01:41:52.928Z] USER: Still empty list.
[2025-10-20T01:41:56.315Z] ASSISTANT: I apologize for the inconvenience. There are currently no available flight options to Victoria Falls, Zimbabwe for your desired travel dates. However, I can help you explore alternative destinations or dates
                           within the Lufthansa Group network. Please let me know how you would like to proceed.
[2025-10-20T01:42:14.180Z] USER: Give me the alternatives
[2025-10-20T01:42:20.072Z] ASSISTANT: I apologize for the inconvenience regarding the flight options to Victoria Falls, Zimbabwe. Here are some alternative warm beach destinations within the Lufthansa Group network for March 2026:
[2025-10-20T01:42:38.727Z] USER: I still see no alternatives.
[2025-10-20T01:42:41.723Z] ASSISTANT: I apologize for the inconvenience. Here are some alternative warm beach destinations within the Lufthansa Group network for March 2026:
[2025-10-20T01:42:51.057Z] USER: Still nothing
[2025-10-20T01:42:54.417Z] ASSISTANT: I'm sorry for the inconvenience. It seems there might be a technical issue in displaying the alternative destinations. However, I can manually provide you with some warm beach destinations within the Lufthansa
                           Group network for March 2026:
[2025-10-20T01:43:16.644Z] USER: Yes please
[2025-10-20T01:43:19.792Z] ASSISTANT: Here are some warm beach destinations within the Lufthansa Group network for March 2026:
[2025-10-20T01:43:23.809Z] USER: option 1
[2025-10-20T01:43:43.510Z] ASSISTANT: Here are some flight options to Hurghada, Egypt for your trip in the second week of March 2026:
