FLIGHT: LH6949
LAT: N/A, LON: N/A
CITY: N/A, COUNTRY: N/A
AIR: N/A
METHOD: PENDING
SESSION: ecfd1f4a-3790-42b2-8053-39ce27977854
STARTED: 2025-10-22T20:45:04.095Z
LOCATION: Detecting location...
TIMEZONE: Europe/Zurich
DEFAULT ORIGIN: ZRH
---
[2025-10-22T20:45:04.095Z] ASSISTANT: Lufthansa Group Inspirational AI flight assistant. Nice to meet you!
[2025-10-22T20:45:09.846Z] USER: hi
[2025-10-22T20:45:11.979Z] ASSISTANT: Hello! How can I assist you with your travel plans today? Are you looking for specific destinations, dates, or any particular travel preferences?
[2025-10-22T20:45:16.376Z] USER: destination
[2025-10-22T20:45:18.465Z] ASSISTANT: That sounds wonderful! Could you please specify the destination you're interested in? Are there any particular cities, countries, or themes you're considering?
[2025-10-22T20:45:24.145Z] USER: africa
[2025-10-22T20:45:30.151Z] ASSISTANT: Thank you for your interest in Africa! To proceed, could you please specify a particular destination airport within Africa? Here are some suggestions: AFO, AFR, AFT, AFY, CWB, NRI, AFA, AFD, AFF, AFI, AFK, AFL,
                           AFN, AFS, AFW, AFZ, BFX, BJD, BTG, CBD.
[2025-10-22T20:45:46.269Z] USER: this does not hep
[2025-10-22T20:45:48.776Z] ASSISTANT: I'm here to help you find the perfect destination. Could you please share more about what you're looking for in a destination? Are there specific themes, activities, or types of places you're interested in?
