FLIGHT: LH2044
SESSION: 9d2953e4-0c43-429d-9704-52ce7ff478a6
STARTED: 2025-10-17T14:32:56.692Z
---
[2025-10-17T14:32:56.692Z] ASSISTANT: Lufthansa Group Inspirational AI flight assistant. Nice to meet you!”
[2025-10-17T14:33:00.964Z] USER: i am searching for a 2 week trip in summer. i want to have some cities to visit and also nature stuff. i like it to be more cheap in terms of food etc. my budget is quite low. what would you recommend
[2025-10-17T14:33:38.711Z] ASSISTANT: Could you please share more about the cities or nature spots you are interested in? Any particular destinations or preferences you have in mind?
[2025-10-17T14:33:50.355Z] USER: no
[2025-10-17T14:34:00.999Z] ASSISTANT: Paul, your Digital Travel Assistant here. Based on your preference for a budget-friendly summer trip with both urban and natural attractions, here are a few destinations that might pique your interest:
                           1. **Bodrum, Turkey (BJV)** - Known for its vibrant city life and stunning natural coastline, Bodrum offers a mix of both.
                           2. **Bajura, Nepal (BKE)** - While it's a smaller town, it's surrounded by breathtaking natural landscapes and is often less expensive than larger cities.
                           3. **Branson, Missouri (BKG)** - This city is famous for its scenic beauty and offers a variety of budget-friendly activities, from outdoor adventures to cultural experiences.
                           These destinations are within the Lufthansa Group network and offer a blend of city experiences and nature. Would you like to explore any of these further or have any specific dates in mind?
[2025-10-17T14:35:19.828Z] USER: please give me more information about branson in missouri
[2025-10-17T14:35:33.369Z] ASSISTANT: Branson, Missouri, is a captivating destination known for its blend of natural beauty and vibrant city atmosphere. Nestled in the Ozark Mountains, it offers a range of attractions that cater to both city
                           explorers and nature enthusiasts.
                           **Attractions:**
                           - **Outdoor Adventures:** Branson is famous for its scenic beauty, offering numerous opportunities for outdoor activities such as hiking, fishing, and boating. The nearby Table Rock Lake is a highlight for water sports and
                             relaxation.
                           - **Live Entertainment:** The city is renowned for its theaters and shows, featuring a variety of performances ranging from country music to comedy. Many venues offer discounts for advance tickets or group bookings.
                           - **Sightseeing:** Visitors can explore the scenic byways, enjoy scenic cruises on the lake, and visit the Branson Scenic Railway, which provides a unique way to experience the area's landscapes.
                           **Budget-Friendly Options:**
                           - **Accommodations:** While there are luxury options, Branson also has a range of budget-friendly hotels, motels, and cabins. Look for deals during the off-peak season or consider staying in nearby towns like Hollister for
                             potentially lower rates.
                           - **Dining:** The city has a variety of dining options, from casual eateries to family-friendly restaurants. Many places offer affordable meals, especially if you're open to trying local cuisine.
                           - **Activities:** For budget-conscious travelers, consider free or low-cost attractions like the Branson Outdoor Theatre, the Branson Scenic Railway, and the local parks and trails.
                           Branson's charm lies in its ability to offer both high-quality entertainment and natural experiences without breaking the bank. Whether you're looking to enjoy the outdoors or catch a show, there are plenty of options to
                           suit your budget. Would you like more specific details on any of these aspects?
[2025-10-17T14:39:52.569Z] USER: can you search a cheap flight for me?
[2025-10-17T14:39:59.813Z] ASSISTANT: Could you please provide me with your departure city, return date, and any other details such as the number of passengers, preferred cabin class, and currency?
[2025-10-17T14:40:16.034Z] USER: i am very flexible . should be in february 2026
[2025-10-17T14:40:23.333Z] ASSISTANT: For your flight search, could you please specify your departure city, exact return date, number of passengers, preferred cabin class, and currency?
[2025-10-17T14:41:03.815Z] USER: i dont have an exact date. can you give me dates where I dont pay more than 1000 EUR?
[2025-10-17T14:41:13.924Z] ASSISTANT: Could you please specify the destination airport code for Branson, Missouri, to complete your flight search?
