FLIGHT: LH8958
SESSION: 5902fe1b-7acd-4cbc-91fa-142ca796a0bf
STARTED: 2025-10-17T17:41:18.139Z
---
[2025-10-17T17:41:18.139Z] ASSISTANT: Lufthansa Group Inspirational AI flight assistant. Nice to meet you!”
[2025-10-17T17:41:23.136Z] USER: Hi
[2025-10-17T17:41:23.242Z] ASSISTANT: Error: Failed to fetch. Check proxy logs.
[2025-10-17T17:41:47.684Z] USER: hi
[2025-10-17T17:41:47.715Z] ASSISTANT: Error: Failed to fetch. Check proxy logs.
[2025-10-17T17:41:58.027Z] USER: hi
[2025-10-17T17:42:01.058Z] ASSISTANT: BETA TEST: Imagine you are planning your next holiday, and you are using this chatbot to find a travel destination and associated flight. What kind of atmosphere or memories are you hoping for?
[2025-10-17T17:42:28.878Z] USER: beach, kitesurfing, I fly from ZRH
[2025-10-17T17:42:32.018Z] ASSISTANT: Could you please specify your destination and preferred travel dates for this kitesurfing adventure?
[2025-10-17T17:42:40.843Z] USER: destination I don't know
[2025-10-17T17:42:44.018Z] ASSISTANT: Given your interest in kitesurfing, here are some beach destinations known for this activity: Costa Rica, Bali, and the Maldives. Which of these destinations piques your interest, or do you have another in mind?
[2025-10-17T17:42:52.017Z] USER: Spain
[2025-10-17T17:42:55.085Z] ASSISTANT: Spain has many beautiful beach destinations. Could you specify which city you're interested in, and what are your preferred travel dates for this trip?
[2025-10-17T17:43:02.797Z] USER: December 2025
[2025-10-17T17:43:06.001Z] ASSISTANT: Thank you for sharing your travel dates. Could you please specify the city in Spain you're interested in for December 2025? This will help me find the IATA code for your destination.
[2025-10-17T17:43:29.766Z] USER: Malaga from ZRH
[2025-10-17T17:43:32.683Z] ASSISTANT: No text response.
[2025-10-17T17:43:38.212Z] USER: ?
[2025-10-17T17:43:41.469Z] ASSISTANT: I see you're considering Spain for your trip. Here are some popular beach cities known for kitesurfing: Malaga, Valencia, and Alicante. Could you please specify which city you're interested in for December 2025?
[2025-10-17T17:44:03.691Z] USER: Malaga
[2025-10-17T17:44:06.526Z] ASSISTANT: No text response.
[2025-10-17T17:44:41.473Z] USER: Help me inspire myself
[2025-10-17T17:44:44.611Z] ASSISTANT: To inspire your travel plans, here are some destinations within the Lufthansa Group network known for their beautiful beaches and kitesurfing opportunities: Costa Rica, Bali, and the Maldives. Which of these
                           destinations, or any other you have in mind, would you like to explore further?
[2025-10-17T17:44:53.919Z] USER: Kitesurfing
[2025-10-17T17:44:57.462Z] ASSISTANT: Kitesurfing is an exhilarating sport! Here are some popular destinations within the Lufthansa Group network known for excellent kitesurfing conditions: Costa Rica, Bali, and the Maldives. Which of these
                           destinations, or any other you have in mind, would you like to explore further?
[2025-10-17T17:45:03.546Z] USER: Costa Rica
[2025-10-17T17:45:06.521Z] ASSISTANT: Costa Rica is a fantastic choice for kitesurfing! Could you please specify the city or region you're interested in, and what are your preferred travel dates for this trip?
[2025-10-17T17:45:15.016Z] USER: San Juan
[2025-10-17T17:45:18.358Z] ASSISTANT: Thank you for sharing your destination. Could you please specify your preferred travel dates for your trip to San Juan, Costa Rica? This will help me find the IATA code for your destination.
