FLIGHT: LH0465
SESSION: c254d8f0-a7f2-4434-b801-bb332b186126
STARTED: 2025-10-17T22:57:06.649Z
---
[2025-10-17T22:57:06.649Z] ASSISTANT: Lufthansa Group Inspirational AI flight assistant. Nice to meet you!”
[2025-10-17T22:58:34.190Z] USER: Hi
[2025-10-17T22:58:37.339Z] ASSISTANT: Hello, I am Mira, your Lufthansa Group digital travel companion. Let us imagine together what kind of journey would truly feel right for you. What kind of memories do you hope to create on your trip?
[2025-10-17T23:01:21.034Z] USER: I want to go to Zurich next saturday. Stay for seven days. Only me.
[2025-10-17T23:01:24.452Z] ASSISTANT: Thank you for sharing your travel plans. To confirm, you would like to travel to Zurich next Saturday for a week, and you're traveling alone. Could you please provide the exact departure date in the format
                           YYYY-MM-DD and your preferred return date?
[2025-10-17T23:04:28.077Z] USER: 25th of October, the nearest airport to my location.
[2025-10-17T23:04:31.256Z] ASSISTANT: Thank you for the details. To proceed, could you please provide the city or country name where you are located so I can find the nearest airport's IATA code?
[2025-10-17T23:06:12.081Z] USER: Zaprešić
[2025-10-17T23:06:14.713Z] ASSISTANT: No text response.
[2025-10-17T23:07:15.557Z] USER: Zaprešić
[2025-10-17T23:07:18.227Z] ASSISTANT: No text response.
[2025-10-17T23:07:25.564Z] USER: Zagreb
[2025-10-17T23:07:28.105Z] ASSISTANT: No text response.
[2025-10-17T23:10:13.960Z] USER: Where did you go!
[2025-10-17T23:10:16.880Z] ASSISTANT: I'm sorry, I seem to have lost track. To find the nearest airport for you, could you please provide the city or country name where you are located?
[2025-10-17T23:10:35.697Z] USER: Zapresic, Croatia.
[2025-10-17T23:10:42.262Z] ASSISTANT: <
[2025-10-17T23:10:56.416Z] USER: Please repeat that!
[2025-10-17T23:10:58.964Z] ASSISTANT: No text response.
