FLIGHT: LH2417
SESSION: 51beede7-677b-4037-874f-0e33c414d6f4
STARTED: 2025-10-17T14:23:42.683Z
---
[2025-10-17T14:23:42.684Z] ASSISTANT: Lufthansa Group Inspirational AI flight assistant. Nice to meet you!”
[2025-10-17T14:23:45.600Z] USER: hi
[2025-10-17T14:23:51.324Z] ASSISTANT: Hello! I am Paul, your inspirational Digital Travel Assistant. I am here to help find a travel destination and travel plan for you. When you think of holiday, what comes to mind?
[2025-10-17T14:23:56.971Z] USER: i want to fly to australia next year end of februrary
[2025-10-17T14:24:00.889Z] ASSISTANT: That sounds like an exciting trip! To confirm, you would like to fly to Australia in late February next year. Could you please specify the city or airport in Australia you are interested in? Also, could you
                           confirm the exact dates you are considering?
[2025-10-17T14:25:57.216Z] USER: please inspire me, i want to fly for 2 weeks
[2025-10-17T14:26:02.408Z] ASSISTANT: Australia is a vast and diverse country with many incredible destinations to explore! For a 2-week trip, you might consider visiting iconic cities like Sydney and Melbourne, or perhaps the natural wonders of the
                           Great Barrier Reef and Uluru in the Northern Territory. Each offers unique experiences, from vibrant city life to stunning natural landscapes. Does any of these destinations spark your interest, or would you like more
                           suggestions?
[2025-10-17T14:26:39.336Z] USER: how much does a flight cost from zurich
[2025-10-17T14:26:43.729Z] ASSISTANT: To provide you with accurate pricing, I need to confirm the specific city in Australia you are interested in. Could you please specify the city or airport in Australia you are considering for your trip?
[2025-10-17T14:27:09.425Z] USER: show me for sydney and melbourne
[2025-10-17T14:27:14.060Z] ASSISTANT: No text response.
[2025-10-17T14:27:22.929Z] USER: something else
[2025-10-17T14:27:27.297Z] ASSISTANT: If you're looking for something different, Australia offers a variety of experiences beyond the usual highlights. Consider exploring the beautiful beaches of the Gold Coast, the wine regions of the Barossa
                           Valley, or the adventure sports in Queenstown. Each offers unique experiences and activities. Which of these interests you, or do you have another destination in mind?
[2025-10-17T14:27:42.638Z] USER: give flight options
[2025-10-17T14:27:46.722Z] ASSISTANT: To provide you with flight options, I need to confirm the specific city in Australia you are interested in. Could you please specify the city or airport in Australia you are considering for your trip?
[2025-10-17T14:28:00.813Z] USER: brisbane
[2025-10-17T14:28:05.027Z] ASSISTANT: Great choice! Brisbane is a fantastic destination with a lot to offer. To proceed, could you please confirm the exact dates you are considering for your trip to Brisbane in late February next year?
[2025-10-17T14:28:16.840Z] USER: around 25.2
[2025-10-17T14:28:21.125Z] ASSISTANT: Thank you for the details! To provide you with the most accurate flight options, could you please specify the exact departure date from Zurich to Brisbane, Australia? Also, could you confirm if you have a return
                           date in mind?
[2025-10-17T14:28:31.126Z] USER: 25.2
[2025-10-17T14:28:35.686Z] ASSISTANT: No text response.
[2025-10-17T14:28:41.821Z] USER: 25.2.2026
[2025-10-17T14:28:46.463Z] ASSISTANT: Thank you for providing the departure date. To complete your travel plans, could you please specify the return date from Brisbane to Zurich? This will help me find the best flight options for your trip.
[2025-10-17T14:28:58.683Z] USER: 13.3.2026
[2025-10-17T14:29:02.941Z] ASSISTANT: No text response.
