FLIGHT: LH5615
SESSION: 7c1c346c-c0ad-4637-ba31-683b9de097b6
STARTED: 2025-10-17T11:23:09.688Z
---
[2025-10-17T11:23:09.688Z] ASSISTANT: Lufthansa Group Inspirational AI flight assistant. Nice to meet you!”
[2025-10-17T11:23:20.042Z] USER: Hello
[2025-10-17T11:23:22.346Z] ASSISTANT: Hi, I am Paul, your inspirational Digital Travel Assistant. I am here to help find a travel destination and travel plan for you. When you think of holiday, what comes to mind?
[2025-10-17T11:26:01.150Z] USER: I want to go on a vacation to an exotic place with nice warm weather, but not too hot!
[2025-10-17T11:26:03.472Z] ASSISTANT: What kind of atmosphere or memories are you hoping for on your vacation?
[2025-10-17T11:26:50.057Z] USER: I wana see some boobies!
[2025-10-17T11:26:52.261Z] ASSISTANT: Thank you for sharing your preferences. What kind of atmosphere or memories are you hoping for on your vacation?
[2025-10-17T11:27:51.978Z] USER: And eat some ice cream!
[2025-10-17T11:27:54.410Z] ASSISTANT: Who will be traveling with you, and what matters most to them?
[2025-10-17T11:28:09.214Z] USER: My grandfather and his girlfriend!
[2025-10-17T11:28:11.657Z] ASSISTANT: Is there a destination you have always dreamed of, or a new experience you would like to try?
[2025-10-17T11:28:25.371Z] USER: Hawai
[2025-10-17T11:28:27.673Z] ASSISTANT: That sounds wonderful! Hawaii is a fantastic choice. When would you like to travel there?
[2025-10-17T11:28:58.256Z] USER: in march.
[2025-10-17T11:29:00.847Z] ASSISTANT: Great choice! March in Hawaii sounds perfect for warm weather. Are there any specific preferences or requirements for your trip?
[2025-10-17T11:29:28.166Z] USER: A lot of baby oil!
[2025-10-17T11:29:30.480Z] ASSISTANT: Thank you for sharing your preferences. Are there any specific preferences or requirements for your trip?
[2025-10-17T11:29:55.759Z] USER: I wanna bring my bicycle!
[2025-10-17T11:29:58.211Z] ASSISTANT: That's great! Bringing your bicycle sounds like a fun addition to your trip. Let's confirm the details and find the best flights for you.
[2025-10-17T11:30:05.135Z] USER: Ok
[2025-10-17T11:30:09.455Z] ASSISTANT: It seems there was a mistake with the departure date. Could you please confirm the correct departure date for your trip to Hawaii?
[2025-10-17T11:30:40.806Z] USER: Second saturday in March.
[2025-10-17T11:30:43.473Z] ASSISTANT: Thank you for the clarification. Let's find the exact date for the second Saturday in March. I'll need to confirm the date before we proceed.
[2025-10-17T11:31:23.658Z] USER: Can't you tell me what date is a second saturday in March 2026?
[2025-10-17T11:31:26.209Z] ASSISTANT: The second Saturday in March 2026 is March 15th. Let's proceed with this date for your trip to Hawaii.
[2025-10-17T11:32:31.539Z] USER: Great. I want to stay for 2 weeks.
[2025-10-17T11:32:34.227Z] ASSISTANT: Perfect! Let's find the best flights for you to Hawaii for a 2-week stay.
