FLIGHT: LH6419
SESSION: 73471e27-0a76-47b5-8900-bc434574a053
STARTED: 2025-10-17T07:58:23.655Z
---
[2025-10-17T07:58:23.655Z] ASSISTANT: Lufthansa Group Inspirational AI flight assistant. Nice to meet you!”
[2025-10-17T07:58:27.843Z] USER: Hi
[2025-10-17T07:58:29.946Z] ASSISTANT: Hi, I am Paul, your inspirational Digital Travel Assistant. I am here to help find a travel destination and travel plan for you. When you think of holiday, what comes to mind?
[2025-10-17T07:58:35.040Z] USER: I wanna fly
[2025-10-17T07:58:37.209Z] ASSISTANT: That sounds exciting! Could you please share more about your travel preferences? For example, are there specific destinations you have in mind, or preferred travel dates? Any particular preferences or special
                           requests?
[2025-10-17T07:58:43.761Z] USER: Sydney
[2025-10-17T07:58:45.987Z] ASSISTANT: Sydney sounds like a wonderful choice! Could you please share more about your travel plans? For example, are there specific dates you're considering, or any particular preferences or special requests you might
                           have?
[2025-10-17T07:59:10.435Z] USER: Give me the list of three cheapest flights in december
[2025-10-17T07:59:12.667Z] ASSISTANT: To find the three cheapest flights to Sydney in December, could you please share specific travel dates, the number of passengers, and any preferred travel class?
[2025-10-17T07:59:39.470Z] USER: 12.12.2025. One person, first class.
[2025-10-17T07:59:42.999Z] ASSISTANT: It seems there was an issue with the origin location code. Could you please confirm the IATA code for your departure city?
[2025-10-17T08:03:29.545Z] USER: ZAG
[2025-10-17T08:03:32.930Z] ASSISTANT: It seems there was an issue with the origin location code. Could you please confirm the IATA code for your departure city?
[2025-10-17T08:03:42.046Z] USER: ZAG
[2025-10-17T08:03:45.641Z] ASSISTANT: It seems there was an issue with the origin location code. Could you please confirm the IATA code for your departure city? If you're unsure, I can help look it up.
[2025-10-17T08:04:09.006Z] USER: I don't know
[2025-10-17T08:04:11.244Z] ASSISTANT: Could you please provide the name of your departure city so I can look up the IATA code for you?
