FLIGHT: LH7444
SESSION: 36516252-186c-46b5-8262-79449fe9271d
STARTED: 2025-10-17T11:01:53.090Z
---
[2025-10-17T11:01:53.090Z] ASSISTANT: Lufthansa Group Inspirational AI flight assistant. Nice to meet you!”
[2025-10-17T11:01:59.211Z] USER: Hi
[2025-10-17T11:02:01.461Z] ASSISTANT: Hi, I am Paul, your inspirational Digital Travel Assistant. I am here to help find a travel destination and travel plan for you. When you think of holiday, what comes to mind?
[2025-10-17T11:02:07.801Z] USER: I want to fly from Zagreb to Zurich next month. Could you give me top 3 flights ranked by comfort.
[2025-10-17T11:02:11.684Z] ASSISTANT: I'm sorry, but the departure date must be today or later. Could you please provide a valid date for your trip from Zagreb to Zurich?
[2025-10-17T11:02:44.498Z] USER: I said next month.
[2025-10-17T11:02:46.850Z] ASSISTANT: Could you please specify the exact date for your departure next month? For example, October 15th?
[2025-10-17T11:03:24.965Z] USER: 1.12.2025 until 7.12.2025
[2025-10-17T11:03:33.318Z] ASSISTANT: Here are the top 3 flights from Zagreb to Zurich for your travel dates, ranked by comfort:
                           1. **Flight ID: 1**
                           - **Price:** €133.34
                           - **Departure:** November 12, 2025
                           - **Airline:** (Not specified)
                           - **Comfort Level:** High
                           2. **Flight ID: 2**
                           - **Price:** €133.34
                           - **Departure:** November 12, 2025
                           - **Airline:** (Not specified)
                           - **Comfort Level:** High
                           3. **Flight ID: 3**
                           - **Price:** €149.07
                           - **Departure:** November 12, 2025
                           - **Airline:** (Not specified)
                           - **Comfort Level:** Medium-High
                           Shall we look at other dates within the next year or refine your preferences further?
